app/build/outputs/mapping/release/seeds.txt
com.devtoolkit.pro.MainActivity
com.devtoolkit.pro.MainActivity_GeneratedInjector
com.devtoolkit.pro.DevToolkitApp
com.devtoolkit.pro.DevToolkitApp_GeneratedInjector
com.devtoolkit.pro.domain.model.Tool: com.devtoolkit.pro.domain.model.Tool$Companion Companion
com.devtoolkit.pro.domain.model.HttpStatusItem: com.devtoolkit.pro.domain.model.HttpStatusItem$Companion Companion
com.devtoolkit.pro.domain.model.CommandItem: com.devtoolkit.pro.domain.model.CommandItem$Companion Companion
com.devtoolkit.pro.domain.model.Note: com.devtoolkit.pro.domain.model.Note$Companion Companion
com.devtoolkit.pro.domain.model.HistoryItem: com.devtoolkit.pro.domain.model.HistoryItem$Companion Companion
com.devtoolkit.pro.domain.model.HttpHeaderItem: com.devtoolkit.pro.domain.model.HttpHeaderItem$Companion Companion
com.devtoolkit.pro.domain.model.HttpStatusItem$Companion: kotlinx.serialization.KSerializer serializer()
com.devtoolkit.pro.domain.model.Tool$Companion: kotlinx.serialization.KSerializer serializer()
com.devtoolkit.pro.domain.model.HttpHeaderItem$Companion: kotlinx.serialization.KSerializer serializer()
com.devtoolkit.pro.domain.model.CommandItem$Companion: kotlinx.serialization.KSerializer serializer()
com.devtoolkit.pro.domain.model.Note$Companion: kotlinx.serialization.KSerializer serializer()
com.devtoolkit.pro.DevToolkitApp: DevToolkitApp()
com.devtoolkit.pro.MainActivity: MainActivity()
com.devtoolkit.pro.domain.model.HistoryItem$Companion: kotlinx.serialization.KSerializer serializer()
...
androidx.compose.ui.semantics.AppendedSemanticsElement
com.google.mlkit.common.internal.MlKitComponentDiscoveryService
androidx.fragment.app.DialogFragment
androidx.camera.camera2.internal.compat.quirk.ExtraSupportedOutputSizeQuirk
androidx.camera.camera2.internal.compat.quirk.PreviewPixelHDRnetQuirk
com.google.android.gms.ads.NotificationHandlerActivity
com.google.mlkit.vision.barcode.internal.BarcodeRegistrar
androidx.appcompat.view.menu.ListMenuItemView
androidx.camera.core.ImageProcessingUtil
com.google.android.libraries.barhopper.OnedRecognitionOptions
androidx.compose.foundation.layout.PaddingElement
com.google.android.gms.common.GooglePlayServicesIncorrectManifestValueException
org.chromium.support_lib_boundary.WebViewCookieManagerBoundaryInterface
androidx.compose.ui.draw.DrawWithCacheElement
androidx.camera.core.internal.compat.quirk.ImageCaptureRotationOptionQuirk
androidx.camera.camera2.internal.compat.quirk.Nexus4AndroidLTargetAspectRatioQuirk
androidx.appcompat.widget.SearchView
com.google.android.gms.ads.internal.offline.buffering.OfflineNotificationPoster
androidx.work.impl.background.systemalarm.RescheduleReceiver
androidx.compose.foundation.BackgroundElement
com.google.android.gms.common.annotation.KeepName
androidx.compose.ui.graphics.BlockGraphicsLayerElement
androidx.camera.core.internal.compat.quirk.LargeJpegImageQuirk
org.chromium.support_lib_boundary.ProcessGlobalConfigConstants$ProcessGlobalConfigMapKey
androidx.compose.foundation.layout.PaddingValuesElement
org.chromium.support_lib_boundary.WebSettingsBoundaryInterface$ForceDarkBehavior
androidx.compose.ui.semantics.ClearAndSetSemanticsElement
androidx.camera.camera2.internal.compat.quirk.TorchIsClosedAfterImageCapturingQuirk
com.google.android.gms.common.util.DynamiteApi
com.google.android.gms.ads.mediation.customevent.CustomEventBanner
androidx.camera.camera2.internal.compat.quirk.TextureViewIsClosedQuirk
org.chromium.support_lib_boundary.WebSettingsBoundaryInterface
org.chromium.support_lib_boundary.WebMessageListenerBoundaryInterface
androidx.compose.foundation.layout.WrapContentElement
androidx.appcompat.widget.Toolbar
androidx.compose.ui.draw.DrawBehindElement
android.support.v4.app.RemoteActionCompatParcelizer
androidx.work.impl.foreground.SystemForegroundService
com.google.android.libraries.barhopper.MultiScaleDetectionOptions
com.google.android.gms.ads.internal.client.LiteSdkInfo
org.chromium.support_lib_boundary.ServiceWorkerClientBoundaryInterface
androidx.navigation.compose.DialogNavigator
androidx.compose.foundation.layout.BoxChildDataElement
androidx.camera.core.internal.compat.quirk.CaptureFailedRetryQuirk
androidx.work.impl.diagnostics.DiagnosticsReceiver
androidx.appcompat.view.menu.ExpandedMenuView
androidx.camera.camera2.internal.compat.quirk.ExtraSupportedSurfaceCombinationsQuirk
androidx.camera.camera2.internal.compat.quirk.ExtraCroppingQuirk
androidx.appcompat.widget.ActionBarContextView
androidx.work.OverwritingInputMerger
org.chromium.support_lib_boundary.WebMessagePayloadBoundaryInterface$WebMessagePayloadType
android.support.v4.graphics.drawable.IconCompatParcelizer
com.google.android.gms.common.api.internal.BasePendingResult
androidx.navigation.compose.ComposeNavigator
androidx.compose.ui.focus.FocusChangedElement
androidx.compose.foundation.MagnifierElement
androidx.camera.camera2.internal.compat.quirk.JpegHalCorruptImageQuirk
androidx.work.impl.WorkDatabase_Impl
androidx.compose.material3.MinimumInteractiveModifier
androidx.camera.camera2.internal.compat.quirk.ImageCaptureWashedOutImageQuirk
androidx.camera.core.internal.compat.quirk.OnePixelShiftQuirk
org.chromium.support_lib_boundary.WebResourceRequestBoundaryInterface
com.google.android.gms.dynamite.descriptors.com.google.mlkit.dynamite.barcode.ModuleDescriptor
androidx.appcompat.widget.DialogTitle
androidx.core.graphics.drawable.IconCompat
dagger.hilt.android.internal.lifecycle.DefaultViewModelFactories$ActivityEntryPoint